#
# There is insufficient memory for the Java Runtime Environment to continue.
# Native memory allocation (malloc) failed to allocate 32744 bytes for ChunkPool::allocate
# Possible reasons:
#   The system is out of physical RAM or swap space
#   In 32 bit mode, the process size limit was hit
# Possible solutions:
#   Reduce memory load on the system
#   Increase physical memory or swap space
#   Check if swap backing store is full
#   Use 64 bit Java on a 64 bit OS
#   Decrease Java heap size (-Xmx/-Xms)
#   Decrease number of Java threads
#   Decrease Java thread stack sizes (-Xss)
#   Set larger code cache with -XX:ReservedCodeCacheSize=
# This output file may be truncated or incomplete.
#
#  Out of Memory Error (allocation.cpp:273), pid=21496, tid=0x0000000000004474
#
# JRE version: Java(TM) SE Runtime Environment (8.0_101-b13) (build 1.8.0_101-b13)
# Java VM: Java HotSpot(TM) 64-Bit Server VM (25.101-b13 mixed mode windows-amd64 compressed oops)
# Failed to write core dump. Minidumps are not enabled by default on client versions of Windows
#

---------------  T H R E A D  ---------------

Current thread (0x000000001db34800):  JavaThread "C2 CompilerThread0" daemon [_thread_in_native, id=17524, stack(0x000000001e300000,0x000000001e400000)]

Stack: [0x000000001e300000,0x000000001e400000]
[error occurred during error reporting (printing stack bounds), id 0xc0000005]

Native frames: (J=compiled Java code, j=interpreted, Vv=VM code, C=native code)


Current CompileTask:
C2:   6600 2521 %     4       com.desktoptool.xcompare.Analyzer::analyze_internal @ 1499 (3994 bytes)


---------------  P R O C E S S  ---------------

Java Threads: ( => current thread )
  0x0000000020ab4800 JavaThread "AWT-Windows" daemon [_thread_in_native, id=10348, stack(0x0000000022a80000,0x0000000022b80000)]
  0x0000000020b99800 JavaThread "Java2D Disposer" daemon [_thread_blocked, id=19712, stack(0x00000000214b0000,0x00000000215b0000)]
  0x000000001dbac800 JavaThread "Service Thread" daemon [_thread_blocked, id=9104, stack(0x000000001e830000,0x000000001e930000)]
  0x000000001db3b000 JavaThread "C1 CompilerThread2" daemon [_thread_blocked, id=21064, stack(0x000000001e6f0000,0x000000001e7f0000)]
  0x000000001db39800 JavaThread "C2 CompilerThread1" daemon [_thread_in_native, id=14612, stack(0x000000001e500000,0x000000001e600000)]
=>0x000000001db34800 JavaThread "C2 CompilerThread0" daemon [_thread_in_native, id=17524, stack(0x000000001e300000,0x000000001e400000)]
  0x000000001c698800 JavaThread "Attach Listener" daemon [_thread_blocked, id=6320, stack(0x000000001e190000,0x000000001e290000)]
  0x000000001c697000 JavaThread "Signal Dispatcher" daemon [_thread_blocked, id=21248, stack(0x000000001e000000,0x000000001e100000)]
  0x000000001c67e800 JavaThread "Finalizer" daemon [_thread_blocked, id=7160, stack(0x000000001da30000,0x000000001db30000)]
  0x000000001c635800 JavaThread "Reference Handler" daemon [_thread_blocked, id=5904, stack(0x000000001d8d0000,0x000000001d9d0000)]
  0x0000000001dfc000 JavaThread "main" [_thread_in_Java, id=8824, stack(0x0000000002840000,0x0000000002940000)]

Other Threads:
  0x000000001c630000 VMThread [stack: 0x000000001d680000,0x000000001d780000] [id=712]
  0x000000001dbe4000 WatcherThread [stack: 0x000000001ea00000,0x000000001eb00000] [id=6788]

VM state:not at safepoint (normal execution)

VM Mutex/Monitor currently owned by a thread: None

Heap:
 PSYoungGen      total 850432K, used 502627K [0x000000076b200000, 0x000000079fc80000, 0x00000007c0000000)
  eden space 838144K, 59% used [0x000000076b200000,0x0000000789cb0f38,0x000000079e480000)
  from space 12288K, 1% used [0x000000079f080000,0x000000079f0a8000,0x000000079fc80000)
  to   space 12288K, 0% used [0x000000079e480000,0x000000079e480000,0x000000079f080000)
 ParOldGen       total 175104K, used 9306K [0x00000006c1600000, 0x00000006cc100000, 0x000000076b200000)
  object space 175104K, 5% used [0x00000006c1600000,0x00000006c1f16b40,0x00000006cc100000)
 Metaspace       used 15373K, capacity 15526K, committed 15744K, reserved 1062912K
  class space    used 1560K, capacity 1638K, committed 1664K, reserved 1048576K

Card table byte_map: [0x00000000120c0000,0x00000000128c0000] byte_map_base: 0x000000000eab5000

Marking Bits: (ParMarkBitMap*) 0x000000000279a6d0
 Begin Bits: [0x0000000013550000, 0x00000000174f8000)
 End Bits:   [0x00000000174f8000, 0x000000001b4a0000)

Polling page: 0x0000000000130000

CodeCache: size=245760Kb used=11438Kb max_used=11438Kb free=234321Kb
 bounds [0x0000000002d00000, 0x0000000003840000, 0x0000000011d00000]
 total_blobs=3110 nmethods=2649 adapters=373
 compilation: enabled

Compilation events (10 events):
Event: 5.631 Thread 0x000000001db3b000 nmethod 2635 0x00000000037f06d0 code [0x00000000037f0840, 0x00000000037f0a70]
Event: 5.673 Thread 0x000000001db3b000 2636       3       java.util.Formatter$FormatSpecifier::checkFloat (98 bytes)
Event: 5.674 Thread 0x000000001db3b000 nmethod 2636 0x00000000037f1bd0 code [0x00000000037f1dc0, 0x00000000037f27b8]
Event: 5.674 Thread 0x000000001db39800 2637       4       java.util.Formatter$Conversion::isGeneral (64 bytes)
Event: 5.674 Thread 0x000000001db3b000 2638       3       java.util.Formatter$FormatSpecifier::checkText (198 bytes)
Event: 5.674 Thread 0x000000001db3b000 nmethod 2638 0x000000000380c690 code [0x000000000380c8c0, 0x000000000380d0f8]
Event: 5.674 Thread 0x000000001db39800 nmethod 2637 0x00000000037f0290 code [0x00000000037f05c0, 0x00000000037f0638]
Event: 5.682 Thread 0x000000001db39800 2639       4       java.util.Formatter$Conversion::isInteger (48 bytes)
Event: 5.683 Thread 0x000000001db39800 nmethod 2639 0x000000000380b9d0 code [0x000000000380bc60, 0x000000000380bcd8]
Event: 5.813 Thread 0x000000001db39800 2640       4       java.util.regex.Matcher::replaceAll (59 bytes)

GC Heap History (10 events):
Event: 3.291 GC heap before
{Heap before GC invocations=9 (full 0):
 PSYoungGen      total 534528K, used 526624K [0x000000076b200000, 0x000000078c800000, 0x00000007c0000000)
  eden space 523776K, 100% used [0x000000076b200000,0x000000078b180000,0x000000078b180000)
  from space 10752K, 26% used [0x000000078bc80000,0x000000078bf48000,0x000000078c700000)
  to   space 11264K, 0% used [0x000000078b180000,0x000000078b180000,0x000000078bc80000)
 ParOldGen       total 175104K, used 6101K [0x00000006c1600000, 0x00000006cc100000, 0x000000076b200000)
  object space 175104K, 3% used [0x00000006c1600000,0x00000006c1bf56e8,0x00000006cc100000)
 Metaspace       used 15108K, capacity 15270K, committed 15488K, reserved 1062912K
  class space    used 1559K, capacity 1638K, committed 1664K, reserved 1048576K
Event: 3.306 GC heap after
Heap after GC invocations=9 (full 0):
 PSYoungGen      total 535040K, used 192K [0x000000076b200000, 0x000000078c800000, 0x00000007c0000000)
  eden space 523776K, 0% used [0x000000076b200000,0x000000076b200000,0x000000078b180000)
  from space 11264K, 1% used [0x000000078b180000,0x000000078b1b0000,0x000000078bc80000)
  to   space 10752K, 0% used [0x000000078bc80000,0x000000078bc80000,0x000000078c700000)
 ParOldGen       total 175104K, used 8854K [0x00000006c1600000, 0x00000006cc100000, 0x000000076b200000)
  object space 175104K, 5% used [0x00000006c1600000,0x00000006c1ea5b10,0x00000006cc100000)
 Metaspace       used 15108K, capacity 15270K, committed 15488K, reserved 1062912K
  class space    used 1559K, capacity 1638K, committed 1664K, reserved 1048576K
}
Event: 3.744 GC heap before
{Heap before GC invocations=10 (full 0):
 PSYoungGen      total 535040K, used 523968K [0x000000076b200000, 0x000000078c800000, 0x00000007c0000000)
  eden space 523776K, 100% used [0x000000076b200000,0x000000078b180000,0x000000078b180000)
  from space 11264K, 1% used [0x000000078b180000,0x000000078b1b0000,0x000000078bc80000)
  to   space 10752K, 0% used [0x000000078bc80000,0x000000078bc80000,0x000000078c700000)
 ParOldGen       total 175104K, used 8854K [0x00000006c1600000, 0x00000006cc100000, 0x000000076b200000)
  object space 175104K, 5% used [0x00000006c1600000,0x00000006c1ea5b10,0x00000006cc100000)
 Metaspace       used 15169K, capacity 15334K, committed 15488K, reserved 1062912K
  class space    used 1559K, capacity 1638K, committed 1664K, reserved 1048576K
Event: 3.756 GC heap after
Heap after GC invocations=10 (full 0):
 PSYoungGen      total 534528K, used 160K [0x000000076b200000, 0x000000078c800000, 0x00000007c0000000)
  eden space 523776K, 0% used [0x000000076b200000,0x000000076b200000,0x000000078b180000)
  from space 10752K, 1% used [0x000000078bc80000,0x000000078bca8000,0x000000078c700000)
  to   space 11264K, 0% used [0x000000078b180000,0x000000078b180000,0x000000078bc80000)
 ParOldGen       total 175104K, used 8918K [0x00000006c1600000, 0x00000006cc100000, 0x000000076b200000)
  object space 175104K, 5% used [0x00000006c1600000,0x00000006c1eb5b10,0x00000006cc100000)
 Metaspace       used 15169K, capacity 15334K, committed 15488K, reserved 1062912K
  class space    used 1559K, capacity 1638K, committed 1664K, reserved 1048576K
}
Event: 4.194 GC heap before
{Heap before GC invocations=11 (full 0):
 PSYoungGen      total 534528K, used 523936K [0x000000076b200000, 0x000000078c800000, 0x00000007c0000000)
  eden space 523776K, 100% used [0x000000076b200000,0x000000078b180000,0x000000078b180000)
  from space 10752K, 1% used [0x000000078bc80000,0x000000078bca8000,0x000000078c700000)
  to   space 11264K, 0% used [0x000000078b180000,0x000000078b180000,0x000000078bc80000)
 ParOldGen       total 175104K, used 8918K [0x00000006c1600000, 0x00000006cc100000, 0x000000076b200000)
  object space 175104K, 5% used [0x00000006c1600000,0x00000006c1eb5b10,0x00000006cc100000)
 Metaspace       used 15257K, capacity 15462K, committed 15744K, reserved 1062912K
  class space    used 1560K, capacity 1638K, committed 1664K, reserved 1048576K
Event: 4.202 GC heap after
Heap after GC invocations=11 (full 0):
 PSYoungGen      total 535040K, used 160K [0x000000076b200000, 0x000000079fc80000, 0x00000007c0000000)
  eden space 523776K, 0% used [0x000000076b200000,0x000000076b200000,0x000000078b180000)
  from space 11264K, 1% used [0x000000078b180000,0x000000078b1a8000,0x000000078bc80000)
  to   space 12288K, 0% used [0x000000079f080000,0x000000079f080000,0x000000079fc80000)
 ParOldGen       total 175104K, used 9042K [0x00000006c1600000, 0x00000006cc100000, 0x000000076b200000)
  object space 175104K, 5% used [0x00000006c1600000,0x00000006c1ed4b20,0x00000006cc100000)
 Metaspace       used 15257K, capacity 15462K, committed 15744K, reserved 1062912K
  class space    used 1560K, capacity 1638K, committed 1664K, reserved 1048576K
}
Event: 4.667 GC heap before
{Heap before GC invocations=12 (full 0):
 PSYoungGen      total 535040K, used 523936K [0x000000076b200000, 0x000000079fc80000, 0x00000007c0000000)
  eden space 523776K, 100% used [0x000000076b200000,0x000000078b180000,0x000000078b180000)
  from space 11264K, 1% used [0x000000078b180000,0x000000078b1a8000,0x000000078bc80000)
  to   space 12288K, 0% used [0x000000079f080000,0x000000079f080000,0x000000079fc80000)
 ParOldGen       total 175104K, used 9042K [0x00000006c1600000, 0x00000006cc100000, 0x000000076b200000)
  object space 175104K, 5% used [0x00000006c1600000,0x00000006c1ed4b20,0x00000006cc100000)
 Metaspace       used 15309K, capacity 15526K, committed 15744K, reserved 1062912K
  class space    used 1560K, capacity 1638K, committed 1664K, reserved 1048576K
Event: 4.675 GC heap after
Heap after GC invocations=12 (full 0):
 PSYoungGen      total 850432K, used 96K [0x000000076b200000, 0x000000079fc80000, 0x00000007c0000000)
  eden space 838144K, 0% used [0x000000076b200000,0x000000076b200000,0x000000079e480000)
  from space 12288K, 0% used [0x000000079f080000,0x000000079f098000,0x000000079fc80000)
  to   space 12288K, 0% used [0x000000079e480000,0x000000079e480000,0x000000079f080000)
 ParOldGen       total 175104K, used 9114K [0x00000006c1600000, 0x00000006cc100000, 0x000000076b200000)
  object space 175104K, 5% used [0x00000006c1600000,0x00000006c1ee6b20,0x00000006cc100000)
 Metaspace       used 15309K, capacity 15526K, committed 15744K, reserved 1062912K
  class space    used 1560K, capacity 1638K, committed 1664K, reserved 1048576K
}
Event: 5.519 GC heap before
{Heap before GC invocations=13 (full 0):
 PSYoungGen      total 850432K, used 838240K [0x000000076b200000, 0x000000079fc80000, 0x00000007c0000000)
  eden space 838144K, 100% used [0x000000076b200000,0x000000079e480000,0x000000079e480000)
  from space 12288K, 0% used [0x000000079f080000,0x000000079f098000,0x000000079fc80000)
  to   space 12288K, 0% used [0x000000079e480000,0x000000079e480000,0x000000079f080000)
 ParOldGen       total 175104K, used 9114K [0x00000006c1600000, 0x00000006cc100000, 0x000000076b200000)
  object space 175104K, 5% used [0x00000006c1600000,0x00000006c1ee6b20,0x00000006cc100000)
 Metaspace       used 15358K, capacity 15526K, committed 15744K, reserved 1062912K
  class space    used 1560K, capacity 1638K, committed 1664K, reserved 1048576K
Event: 5.521 GC heap after
Heap after GC invocations=13 (full 0):
 PSYoungGen      total 850432K, used 128K [0x000000076b200000, 0x000000079fc80000, 0x00000007c0000000)
  eden space 838144K, 0% used [0x000000076b200000,0x000000076b200000,0x000000079e480000)
  from space 12288K, 1% used [0x000000079e480000,0x000000079e4a0000,0x000000079f080000)
  to   space 12288K, 0% used [0x000000079f080000,0x000000079f080000,0x000000079fc80000)
 ParOldGen       total 175104K, used 9194K [0x00000006c1600000, 0x00000006cc100000, 0x000000076b200000)
  object space 175104K, 5% used [0x00000006c1600000,0x00000006c1efab30,0x00000006cc100000)
 Metaspace       used 15358K, capacity 15526K, committed 15744K, reserved 1062912K
  class space    used 1560K, capacity 1638K, committed 1664K, reserved 1048576K
}

Deoptimization events (10 events):
Event: 1.903 Thread 0x0000000001dfc000 Uncommon trap: reason=bimorphic action=maybe_recompile pc=0x000000000344ffc8 method=java.util.regex.Pattern$BranchConn.match(Ljava/util/regex/Matcher;ILjava/lang/CharSequence;)Z @ 7
Event: 1.906 Thread 0x0000000001dfc000 Uncommon trap: reason=class_check action=maybe_recompile pc=0x00000000034977bc method=java.util.regex.Pattern$CharProperty.match(Ljava/util/regex/Matcher;ILjava/lang/CharSequence;)Z @ 18
Event: 1.906 Thread 0x0000000001dfc000 Uncommon trap: reason=bimorphic action=maybe_recompile pc=0x000000000344ffc8 method=java.util.regex.Pattern$BranchConn.match(Ljava/util/regex/Matcher;ILjava/lang/CharSequence;)Z @ 7
Event: 1.926 Thread 0x0000000001dfc000 Uncommon trap: reason=unstable_if action=reinterpret pc=0x0000000003441630 method=java.util.regex.Pattern.sequence(Ljava/util/regex/Pattern$Node;)Ljava/util/regex/Pattern$Node; @ 144
Event: 1.926 Thread 0x0000000001dfc000 Uncommon trap: reason=unstable_if action=reinterpret pc=0x000000000349a4c4 method=java.util.regex.Pattern.newSlice([IIZ)Ljava/util/regex/Pattern$Node; @ 10
Event: 1.926 Thread 0x0000000001dfc000 Uncommon trap: reason=unstable_if action=reinterpret pc=0x000000000341411c method=java.util.regex.Pattern.newSlice([IIZ)Ljava/util/regex/Pattern$Node; @ 10
Event: 1.965 Thread 0x0000000001dfc000 Uncommon trap: reason=class_check action=maybe_recompile pc=0x00000000034977bc method=java.util.regex.Pattern$CharProperty.match(Ljava/util/regex/Matcher;ILjava/lang/CharSequence;)Z @ 18
Event: 1.966 Thread 0x0000000001dfc000 Uncommon trap: reason=class_check action=maybe_recompile pc=0x00000000034977bc method=java.util.regex.Pattern$CharProperty.match(Ljava/util/regex/Matcher;ILjava/lang/CharSequence;)Z @ 18
Event: 2.132 Thread 0x0000000001dfc000 Uncommon trap: reason=unstable_if action=reinterpret pc=0x0000000002ef89f8 method=java.lang.String.startsWith(Ljava/lang/String;I)Z @ 25
Event: 2.468 Thread 0x0000000001dfc000 Uncommon trap: reason=unstable_if action=reinterpret pc=0x000000000346bd9c method=java.util.regex.Pattern$Slice.match(Ljava/util/regex/Matcher;ILjava/lang/CharSequence;)Z @ 29

Internal exceptions (10 events):
Event: 0.207 Thread 0x0000000001dfc000 Exception <a 'java/security/PrivilegedActionException'> (0x000000076ba186c8) thrown at [C:\re\workspace\8-2-build-windows-amd64-cygwin\jdk8u101\7261\hotspot\src\share\vm\prims\jvm.cpp, line 1386]
Event: 0.207 Thread 0x0000000001dfc000 Exception <a 'java/security/PrivilegedActionException'> (0x000000076ba18ac0) thrown at [C:\re\workspace\8-2-build-windows-amd64-cygwin\jdk8u101\7261\hotspot\src\share\vm\prims\jvm.cpp, line 1386]
Event: 0.207 Thread 0x0000000001dfc000 Exception <a 'java/security/PrivilegedActionException'> (0x000000076ba1cd78) thrown at [C:\re\workspace\8-2-build-windows-amd64-cygwin\jdk8u101\7261\hotspot\src\share\vm\prims\jvm.cpp, line 1386]
Event: 0.207 Thread 0x0000000001dfc000 Exception <a 'java/security/PrivilegedActionException'> (0x000000076ba1d170) thrown at [C:\re\workspace\8-2-build-windows-amd64-cygwin\jdk8u101\7261\hotspot\src\share\vm\prims\jvm.cpp, line 1386]
Event: 0.232 Thread 0x0000000001dfc000 Exception <a 'java/security/PrivilegedActionException'> (0x000000076bc8a488) thrown at [C:\re\workspace\8-2-build-windows-amd64-cygwin\jdk8u101\7261\hotspot\src\share\vm\prims\jvm.cpp, line 1386]
Event: 0.232 Thread 0x0000000001dfc000 Exception <a 'java/security/PrivilegedActionException'> (0x000000076bc8a880) thrown at [C:\re\workspace\8-2-build-windows-amd64-cygwin\jdk8u101\7261\hotspot\src\share\vm\prims\jvm.cpp, line 1386]
Event: 0.577 Thread 0x0000000001dfc000 Implicit null exception at 0x0000000002f105d4 to 0x0000000002f10951
Event: 0.833 Thread 0x0000000001dfc000 Exception <a 'java/io/FileNotFoundException'> (0x000000076f0cd9f8) thrown at [C:\re\workspace\8-2-build-windows-amd64-cygwin\jdk8u101\7261\hotspot\src\share\vm\prims\jni.cpp, line 709]
Event: 0.859 Thread 0x0000000001dfc000 Exception <a 'java/io/FileNotFoundException'> (0x000000076f0f8508) thrown at [C:\re\workspace\8-2-build-windows-amd64-cygwin\jdk8u101\7261\hotspot\src\share\vm\prims\jni.cpp, line 709]
Event: 1.479 Thread 0x0000000001dfc000 Implicit null exception at 0x00000000032e1a73 to 0x00000000032e1c89

Events (10 events):
Event: 3.867 loading class com/desktoptool/xcompare/diff_match_patch$LinesToCharsResult
Event: 3.867 loading class com/desktoptool/xcompare/diff_match_patch$LinesToCharsResult done
Event: 4.169 Executing VM operation: EnableBiasedLocking
Event: 4.169 Executing VM operation: EnableBiasedLocking done
Event: 4.194 Executing VM operation: ParallelGCFailedAllocation
Event: 4.203 Executing VM operation: ParallelGCFailedAllocation done
Event: 4.666 Executing VM operation: ParallelGCFailedAllocation
Event: 4.675 Executing VM operation: ParallelGCFailedAllocation done
Event: 5.519 Executing VM operation: ParallelGCFailedAllocation
Event: 5.521 Executing VM operation: ParallelGCFailedAllocation done


Dynamic libraries:
0x000000013f080000 - 0x000000013f0b7000 	C:\Program Files\Java\jdk1.8.0_101\bin\javaw.exe
0x0000000077700000 - 0x000000007789f000 	C:\Windows\SYSTEM32\ntdll.dll
0x00000000774e0000 - 0x00000000775ff000 	C:\Windows\system32\kernel32.dll
0x000007fefd3d0000 - 0x000007fefd43a000 	C:\Windows\system32\KERNELBASE.dll
0x000007fefde50000 - 0x000007fefdf2b000 	C:\Windows\system32\ADVAPI32.dll
0x000007fefd850000 - 0x000007fefd8ef000 	C:\Windows\system32\msvcrt.dll
0x000007fefdb00000 - 0x000007fefdb1f000 	C:\Windows\SYSTEM32\sechost.dll
0x000007fefdcb0000 - 0x000007fefdddd000 	C:\Windows\system32\RPCRT4.dll
0x0000000077600000 - 0x00000000776fa000 	C:\Windows\system32\USER32.dll
0x000007fefdde0000 - 0x000007fefde47000 	C:\Windows\system32\GDI32.dll
0x000007fefdaf0000 - 0x000007fefdafe000 	C:\Windows\system32\LPK.dll
0x000007feff420000 - 0x000007feff4eb000 	C:\Windows\system32\USP10.dll
0x000007fefb8d0000 - 0x000007fefbac4000 	C:\Windows\WinSxS\amd64_microsoft.windows.common-controls_6595b64144ccf1df_6.0.7601.18837_none_fa3b1e3d17594757\COMCTL32.dll
0x000007feff8f0000 - 0x000007feff961000 	C:\Windows\system32\SHLWAPI.dll
0x000007feff550000 - 0x000007feff57e000 	C:\Windows\system32\IMM32.DLL
0x000007fefe010000 - 0x000007fefe119000 	C:\Windows\system32\MSCTF.dll
0x0000000070430000 - 0x0000000070502000 	C:\Program Files\Java\jdk1.8.0_101\jre\bin\msvcr100.dll
0x0000000001f80000 - 0x000000000281a000 	C:\Program Files\Java\jdk1.8.0_101\jre\bin\server\jvm.dll
0x000007fef8aa0000 - 0x000007fef8aa9000 	C:\Windows\system32\WSOCK32.dll
0x000007feff970000 - 0x000007feff9bd000 	C:\Windows\system32\WS2_32.dll
0x000007fefd840000 - 0x000007fefd848000 	C:\Windows\system32\NSI.dll
0x000007fefb2f0000 - 0x000007fefb32b000 	C:\Windows\system32\WINMM.dll
0x000007fefc420000 - 0x000007fefc42c000 	C:\Windows\system32\VERSION.dll
0x00000000778b0000 - 0x00000000778b7000 	C:\Windows\system32\PSAPI.DLL
0x0000000073a70000 - 0x0000000073a7f000 	C:\Program Files\Java\jdk1.8.0_101\jre\bin\verify.dll
0x0000000073240000 - 0x0000000073269000 	C:\Program Files\Java\jdk1.8.0_101\jre\bin\java.dll
0x0000000073220000 - 0x0000000073236000 	C:\Program Files\Java\jdk1.8.0_101\jre\bin\zip.dll
0x000007fefe120000 - 0x000007fefeeaa000 	C:\Windows\system32\SHELL32.dll
0x000007fefd8f0000 - 0x000007fefdaef000 	C:\Windows\system32\ole32.dll
0x000007fefd2b0000 - 0x000007fefd2bf000 	C:\Windows\system32\profapi.dll
0x000000006ab10000 - 0x000000006aca8000 	C:\Program Files\Java\jdk1.8.0_101\jre\bin\awt.dll
0x000007fefdf30000 - 0x000007fefe00a000 	C:\Windows\system32\OLEAUT32.dll
0x000007fefb1d0000 - 0x000007fefb1e8000 	C:\Windows\system32\DWMAPI.DLL
0x000007fefb790000 - 0x000007fefb7e6000 	C:\Windows\system32\uxtheme.dll
0x000007fefd0a0000 - 0x000007fefd0af000 	C:\Windows\system32\CRYPTBASE.dll

VM Arguments:
jvm_args: -Dfile.encoding=UTF-8 
java_command: com.desktoptool.xcompare.XCompareRST
java_class_path (initial): C:\Users\mxiang\workspace\X-Leverage-Reference-Source-Target\bin;C:\Users\mxiang\work\4022\64\lombok.jar;C:\Program Files (x86)\Analysis Package\lib\activation-1.1.1.jar;C:\Program Files (x86)\Analysis Package\lib\antlrall-2.7.4.jar;C:\Program Files (x86)\Analysis Package\lib\apache-mime4j-core-0.7.2.jar;C:\Program Files (x86)\Analysis Package\lib\axiom-api-1.2.14.jar;C:\Program Files (x86)\Analysis Package\lib\axiom-impl-1.2.14.jar;C:\Program Files (x86)\Analysis Package\lib\axis2-kernel-1.6.2.jar;C:\Program Files (x86)\Analysis Package\lib\axis2-transport-http-1.6.2.jar;C:\Program Files (x86)\Analysis Package\lib\axis2-transport-local-1.6.2.jar;C:\Program Files (x86)\Analysis Package\lib\bcprov-jdk15on-1.54.jar;C:\Program Files (x86)\Analysis Package\lib\clibwrapper_jiio-1.2-daily.jar;C:\Program Files (x86)\Analysis Package\lib\com.aspose.cells-17.11.0.jar;C:\Program Files (x86)\Analysis Package\lib\com.aspose.words-17.11.jar;C:\Program Files (x86)\Analysis Package\lib\com.google.api.translate-0.82.jar;C:\Program Files (x86)\Analysis Package\lib\com.ibm.icu-53.1.jar;C:\Program Files (x86)\Analysis Package\lib\com.jacob-1.15.0.jar;C:\Program Files (x86)\Analysis Package\lib\com.noelios.restlet.ext.net-1.1.3.jar;C:\Program Files (x86)\Analysis Package\lib\com.noelios.restlet-1.1.3.jar;C:\Program Files (x86)\Analysis Package\lib\com.stax2.api-3.0.2.3.jar;C:\Program Files (x86)\Analysis Package\lib\com.thoughtworks.xstream-1.4.7.jar;C:\Program Files (x86)\Analysis Package\lib\com.woodstox-4.1.1.1.jar;C:\Program Files (x86)\Analysis Package\lib\commons-compress-1.5.jar;C:\Program Files (x86)\Analysis Package\lib\commons-fileupload-1.3.2.jar;C:\Program Files (x86)\Analysis Package\lib\commons-httpclient-3.1.jar;C:\Program Files (x86)\Analysis Package\lib\commons-io-2.4.jar;C:\Program Files (x86)\Analysis Package\lib\commons-lang3-3.3.2.jar;C:\Program Files (x86)\Analysis Package\lib\fluent-hc-4.3.1.jar;C:\Program Files (x86)\Analysis Package
Launcher Type: SUN_STANDARD

Environment Variables:
JAVA_HOME=C:\Program Files\Java\jdk1.8.0_101
JRE_HOME=C:\Program Files\Java\jdk1.8.0_101\jre
CLASSPATH=C:\Program Files\Java\jdk1.8.0_101\bin;C:\Program Files\Java\jdk1.8.0_101\jre\bin;C:\Program Files (x86)\tomcat\lib
PATH=C:\Program Files\Microsoft MPI\Bin\;C:\Ruby24-x64\bin;C:\Windows\System32\Wbem;C:\Program Files\PHP\v7.1;C:\Program Files (x86)\Google\Chrome\Application;C:\ProgramData\Oracle\Java\javapath;C:\Windows\system32\config\systemprofile\.dnx\bin;C:\Program Files\Microsoft DNX\Dnvm\;C:\Program Files\Microsoft SQL Server\120\Tools\Binn\;C:\Program Files\Java\jdk1.7.0_79\bin;C:\WINDOWS\system32;C:\Program Files (x86)\Analysis Package\bin;C:\Program Files\EmEditor;C:\cygwin64\bin;C:\Program Files\TortoiseSVN\bin;C:\Program Files (x86)\mysql\bin;C:\Program Files\Microsoft SQL Server\130\Tools\Binn\;C:\Program Files\nodejs\;C:\Program Files\SAS\SharedFiles(32)\Formats;C:\Program Files\PuTTY\;C:\Program Files\Amazon\AWSCLI\;C:\Ruby24-x64\bin;C:\Program Files\MongoDB\Server\4.0\bin;C:\Windows\System32\WindowsPowerShell\v1.0\;C:\Windows\System32\WindowsPowerShell\v1.0\;C:\Program Files (x86)\Git\cmd;C:\Program Files\TortoiseGit\bin;C:\Program Files\dotnet\;C:\Program Files (x86)\Microsoft SQL Server\Client SDK\ODBC\130\Tools\Binn\;C:\Program Files (x86)\Microsoft SQL Server\140\Tools\Binn\;C:\Program Files (x86)\Microsoft SQL Server\140\DTS\Binn\;C:\Program Files (x86)\Microsoft SQL Server\140\Tools\Binn\ManagementStudio\;C:\Program Files\Microsoft\Web Platform Installer\;;C:\Program Files\Docker Toolbox;C:\Users\mxiang\AppData\Roaming\npm;C:\Users\mxiang\.dotnet\tools;C:\Users\mxiang\AppData\Local\Programs\Microsoft VS Code\bin
USERNAME=mxiang
OS=Windows_NT
PROCESSOR_IDENTIFIER=Intel64 Family 6 Model 60 Stepping 3, GenuineIntel



---------------  S Y S T E M  ---------------

OS: Windows 7 , 64 bit Build 7601 (6.1.7601.24358)

CPU:total 4 (4 cores per cpu, 1 threads per core) family 6 model 60 stepping 3, cmov, cx8, fxsr, mmx, sse, sse2, sse3, ssse3, sse4.1, sse4.2, popcnt, avx, avx2, aes, clmul, erms, rtm, lzcnt, tsc, tscinvbit, bmi1, bmi2

Memory: 4k page, physical 16681328k(1147184k free), swap 22970880k(10888k free)

vm_info: Java HotSpot(TM) 64-Bit Server VM (25.101-b13) for windows-amd64 JRE (1.8.0_101-b13), built on Jun 22 2016 01:21:29 by "java_re" with MS VC++ 10.0 (VS2010)

time: Fri Mar 29 09:54:12 2019
elapsed time: 6 seconds (0d 0h 0m 6s)

