#
# There is insufficient memory for the Java Runtime Environment to continue.
# Native memory allocation (malloc) failed to allocate 1995296 bytes for Chunk::new
# Possible reasons:
#   The system is out of physical RAM or swap space
#   In 32 bit mode, the process size limit was hit
# Possible solutions:
#   Reduce memory load on the system
#   Increase physical memory or swap space
#   Check if swap backing store is full
#   Use 64 bit Java on a 64 bit OS
#   Decrease Java heap size (-Xmx/-Xms)
#   Decrease number of Java threads
#   Decrease Java thread stack sizes (-Xss)
#   Set larger code cache with -XX:ReservedCodeCacheSize=
# This output file may be truncated or incomplete.
#
#  Out of Memory Error (allocation.cpp:390), pid=19096, tid=0x0000000000005814
#
# JRE version: Java(TM) SE Runtime Environment (8.0_101-b13) (build 1.8.0_101-b13)
# Java VM: Java HotSpot(TM) 64-Bit Server VM (25.101-b13 mixed mode windows-amd64 compressed oops)
# Failed to write core dump. Minidumps are not enabled by default on client versions of Windows
#

---------------  T H R E A D  ---------------

Current thread (0x000000001cfd2800):  JavaThread "C2 CompilerThread0" daemon [_thread_in_native, id=22548, stack(0x000000001d7d0000,0x000000001d8d0000)]

Stack: [0x000000001d7d0000,0x000000001d8d0000]
[error occurred during error reporting (printing stack bounds), id 0xc0000005]

Native frames: (J=compiled Java code, j=interpreted, Vv=VM code, C=native code)


Current CompileTask:
C2:  85920 2806 %     4       com.desktoptool.xcompare.Analyzer::analyze_internal @ 394 (4221 bytes)


---------------  P R O C E S S  ---------------

Java Threads: ( => current thread )
  0x000000001dd9c800 JavaThread "AWT-Windows" daemon [_thread_in_native, id=7396, stack(0x0000000020aa0000,0x0000000020ba0000)]
  0x000000001f2f6000 JavaThread "Java2D Disposer" daemon [_thread_blocked, id=8656, stack(0x0000000020730000,0x0000000020830000)]
  0x000000001d052800 JavaThread "Service Thread" daemon [_thread_blocked, id=15232, stack(0x000000001dc70000,0x000000001dd70000)]
  0x000000001cfd8800 JavaThread "C1 CompilerThread2" daemon [_thread_blocked, id=17156, stack(0x000000001da50000,0x000000001db50000)]
  0x000000001cfd7800 JavaThread "C2 CompilerThread1" daemon [_thread_blocked, id=23736, stack(0x000000001d920000,0x000000001da20000)]
=>0x000000001cfd2800 JavaThread "C2 CompilerThread0" daemon [_thread_in_native, id=22548, stack(0x000000001d7d0000,0x000000001d8d0000)]
  0x000000001bd8e800 JavaThread "Attach Listener" daemon [_thread_blocked, id=14976, stack(0x000000001d440000,0x000000001d540000)]
  0x000000001bd8b800 JavaThread "Signal Dispatcher" daemon [_thread_blocked, id=15792, stack(0x000000001d540000,0x000000001d640000)]
  0x000000001bd6d800 JavaThread "Finalizer" daemon [_thread_blocked, id=19776, stack(0x000000001ced0000,0x000000001cfd0000)]
  0x000000001bd2a800 JavaThread "Reference Handler" daemon [_thread_blocked, id=24340, stack(0x000000001cc70000,0x000000001cd70000)]
  0x0000000001cdc000 JavaThread "main" [_thread_in_native, id=2100, stack(0x0000000002040000,0x0000000002140000)]

Other Threads:
  0x000000001bd25000 VMThread [stack: 0x000000001cd80000,0x000000001ce80000] [id=11244]
  0x000000001d00c800 WatcherThread [stack: 0x0000000012a40000,0x0000000012b40000] [id=22892]

VM state:not at safepoint (normal execution)

VM Mutex/Monitor currently owned by a thread: None

Heap:
 PSYoungGen      total 544768K, used 375490K [0x000000076b200000, 0x000000078ce00000, 0x00000007c0000000)
  eden space 536576K, 69% used [0x000000076b200000,0x0000000782090a00,0x000000078be00000)
  from space 8192K, 1% used [0x000000078c600000,0x000000078c620000,0x000000078ce00000)
  to   space 8192K, 0% used [0x000000078be00000,0x000000078be00000,0x000000078c600000)
 ParOldGen       total 175104K, used 11533K [0x00000006c1600000, 0x00000006cc100000, 0x000000076b200000)
  object space 175104K, 6% used [0x00000006c1600000,0x00000006c2143428,0x00000006cc100000)
 Metaspace       used 15452K, capacity 15574K, committed 16000K, reserved 1062912K
  class space    used 1512K, capacity 1574K, committed 1664K, reserved 1048576K

Card table byte_map: [0x00000000117d0000,0x0000000011fd0000] byte_map_base: 0x000000000e1c5000

Marking Bits: (ParMarkBitMap*) 0x000000007087a6d0
 Begin Bits: [0x0000000012c40000, 0x0000000016be8000)
 End Bits:   [0x0000000016be8000, 0x000000001ab90000)

Polling page: 0x0000000000430000

CodeCache: size=245760Kb used=11615Kb max_used=11626Kb free=234144Kb
 bounds [0x0000000002410000, 0x0000000002f80000, 0x0000000011410000]
 total_blobs=2991 nmethods=2524 adapters=379
 compilation: enabled

Compilation events (10 events):
Event: 85.277 Thread 0x000000001cfd8800 2855       3       com.aspose.cells.BorderCollection::a (91 bytes)
Event: 85.278 Thread 0x000000001cfd8800 nmethod 2855 0x000000000279d8d0 code [0x000000000279dae0, 0x000000000279e528]
Event: 85.278 Thread 0x000000001cfd8800 2856       3       com.aspose.cells.zbtc::a (830 bytes)
Event: 85.284 Thread 0x000000001cfd8800 nmethod 2856 0x0000000002f26f10 code [0x0000000002f28000, 0x0000000002f317c8]
Event: 85.285 Thread 0x000000001cfd8800 2857       3       com.aspose.cells.Style::getVerticalAlignment (62 bytes)
Event: 85.285 Thread 0x000000001cfd8800 nmethod 2857 0x0000000002673210 code [0x0000000002673380, 0x0000000002673570]
Event: 85.285 Thread 0x000000001cfd7800 2858       4       com.aspose.cells.zamm::a (388 bytes)
Event: 85.288 Thread 0x000000001cfd7800 nmethod 2858 0x0000000002672990 code [0x0000000002672b20, 0x0000000002672ee0]
Event: 85.288 Thread 0x000000001cfd7800 2859       4       com.aspose.cells.Range::applyStyle (441 bytes)
Event: 85.324 Thread 0x000000001cfd7800 nmethod 2859 0x0000000002f36990 code [0x0000000002f36ce0, 0x0000000002f38918]

GC Heap History (10 events):
Event: 82.535 GC heap before
{Heap before GC invocations=14 (full 0):
 PSYoungGen      total 343552K, used 335520K [0x000000076b200000, 0x000000078ce00000, 0x00000007c0000000)
  eden space 335360K, 100% used [0x000000076b200000,0x000000077f980000,0x000000077f980000)
  from space 8192K, 1% used [0x000000077f980000,0x000000077f9a8000,0x0000000780180000)
  to   space 8192K, 0% used [0x000000078c600000,0x000000078c600000,0x000000078ce00000)
 ParOldGen       total 175104K, used 11121K [0x00000006c1600000, 0x00000006cc100000, 0x000000076b200000)
  object space 175104K, 6% used [0x00000006c1600000,0x00000006c20dc418,0x00000006cc100000)
 Metaspace       used 15228K, capacity 15382K, committed 15744K, reserved 1062912K
  class space    used 1511K, capacity 1574K, committed 1664K, reserved 1048576K
Event: 82.536 GC heap after
Heap after GC invocations=14 (full 0):
 PSYoungGen      total 544768K, used 96K [0x000000076b200000, 0x000000078ce00000, 0x00000007c0000000)
  eden space 536576K, 0% used [0x000000076b200000,0x000000076b200000,0x000000078be00000)
  from space 8192K, 1% used [0x000000078c600000,0x000000078c618000,0x000000078ce00000)
  to   space 8192K, 0% used [0x000000078be00000,0x000000078be00000,0x000000078c600000)
 ParOldGen       total 175104K, used 11193K [0x00000006c1600000, 0x00000006cc100000, 0x000000076b200000)
  object space 175104K, 6% used [0x00000006c1600000,0x00000006c20ee418,0x00000006cc100000)
 Metaspace       used 15228K, capacity 15382K, committed 15744K, reserved 1062912K
  class space    used 1511K, capacity 1574K, committed 1664K, reserved 1048576K
}
Event: 83.193 GC heap before
{Heap before GC invocations=15 (full 0):
 PSYoungGen      total 544768K, used 536672K [0x000000076b200000, 0x000000078ce00000, 0x00000007c0000000)
  eden space 536576K, 100% used [0x000000076b200000,0x000000078be00000,0x000000078be00000)
  from space 8192K, 1% used [0x000000078c600000,0x000000078c618000,0x000000078ce00000)
  to   space 8192K, 0% used [0x000000078be00000,0x000000078be00000,0x000000078c600000)
 ParOldGen       total 175104K, used 11193K [0x00000006c1600000, 0x00000006cc100000, 0x000000076b200000)
  object space 175104K, 6% used [0x00000006c1600000,0x00000006c20ee418,0x00000006cc100000)
 Metaspace       used 15289K, capacity 15446K, committed 15744K, reserved 1062912K
  class space    used 1512K, capacity 1574K, committed 1664K, reserved 1048576K
Event: 83.194 GC heap after
Heap after GC invocations=15 (full 0):
 PSYoungGen      total 544768K, used 128K [0x000000076b200000, 0x000000078ce00000, 0x00000007c0000000)
  eden space 536576K, 0% used [0x000000076b200000,0x000000076b200000,0x000000078be00000)
  from space 8192K, 1% used [0x000000078be00000,0x000000078be20000,0x000000078c600000)
  to   space 8192K, 0% used [0x000000078c600000,0x000000078c600000,0x000000078ce00000)
 ParOldGen       total 175104K, used 11249K [0x00000006c1600000, 0x00000006cc100000, 0x000000076b200000)
  object space 175104K, 6% used [0x00000006c1600000,0x00000006c20fc418,0x00000006cc100000)
 Metaspace       used 15289K, capacity 15446K, committed 15744K, reserved 1062912K
  class space    used 1512K, capacity 1574K, committed 1664K, reserved 1048576K
}
Event: 83.726 GC heap before
{Heap before GC invocations=16 (full 0):
 PSYoungGen      total 544768K, used 536704K [0x000000076b200000, 0x000000078ce00000, 0x00000007c0000000)
  eden space 536576K, 100% used [0x000000076b200000,0x000000078be00000,0x000000078be00000)
  from space 8192K, 1% used [0x000000078be00000,0x000000078be20000,0x000000078c600000)
  to   space 8192K, 0% used [0x000000078c600000,0x000000078c600000,0x000000078ce00000)
 ParOldGen       total 175104K, used 11249K [0x00000006c1600000, 0x00000006cc100000, 0x000000076b200000)
  object space 175104K, 6% used [0x00000006c1600000,0x00000006c20fc418,0x00000006cc100000)
 Metaspace       used 15330K, capacity 15510K, committed 15744K, reserved 1062912K
  class space    used 1512K, capacity 1574K, committed 1664K, reserved 1048576K
Event: 83.762 GC heap after
Heap after GC invocations=16 (full 0):
 PSYoungGen      total 544768K, used 96K [0x000000076b200000, 0x000000078ce00000, 0x00000007c0000000)
  eden space 536576K, 0% used [0x000000076b200000,0x000000076b200000,0x000000078be00000)
  from space 8192K, 1% used [0x000000078c600000,0x000000078c618000,0x000000078ce00000)
  to   space 8192K, 0% used [0x000000078be00000,0x000000078be00000,0x000000078c600000)
 ParOldGen       total 175104K, used 11329K [0x00000006c1600000, 0x00000006cc100000, 0x000000076b200000)
  object space 175104K, 6% used [0x00000006c1600000,0x00000006c2110418,0x00000006cc100000)
 Metaspace       used 15330K, capacity 15510K, committed 15744K, reserved 1062912K
  class space    used 1512K, capacity 1574K, committed 1664K, reserved 1048576K
}
Event: 84.283 GC heap before
{Heap before GC invocations=17 (full 0):
 PSYoungGen      total 544768K, used 536672K [0x000000076b200000, 0x000000078ce00000, 0x00000007c0000000)
  eden space 536576K, 100% used [0x000000076b200000,0x000000078be00000,0x000000078be00000)
  from space 8192K, 1% used [0x000000078c600000,0x000000078c618000,0x000000078ce00000)
  to   space 8192K, 0% used [0x000000078be00000,0x000000078be00000,0x000000078c600000)
 ParOldGen       total 175104K, used 11329K [0x00000006c1600000, 0x00000006cc100000, 0x000000076b200000)
  object space 175104K, 6% used [0x00000006c1600000,0x00000006c2110418,0x00000006cc100000)
 Metaspace       used 15348K, capacity 15510K, committed 15744K, reserved 1062912K
  class space    used 1512K, capacity 1574K, committed 1664K, reserved 1048576K
Event: 84.332 GC heap after
Heap after GC invocations=17 (full 0):
 PSYoungGen      total 544768K, used 160K [0x000000076b200000, 0x000000078ce00000, 0x00000007c0000000)
  eden space 536576K, 0% used [0x000000076b200000,0x000000076b200000,0x000000078be00000)
  from space 8192K, 1% used [0x000000078be00000,0x000000078be28000,0x000000078c600000)
  to   space 8192K, 0% used [0x000000078c600000,0x000000078c600000,0x000000078ce00000)
 ParOldGen       total 175104K, used 11437K [0x00000006c1600000, 0x00000006cc100000, 0x000000076b200000)
  object space 175104K, 6% used [0x00000006c1600000,0x00000006c212b428,0x00000006cc100000)
 Metaspace       used 15348K, capacity 15510K, committed 15744K, reserved 1062912K
  class space    used 1512K, capacity 1574K, committed 1664K, reserved 1048576K
}
Event: 84.848 GC heap before
{Heap before GC invocations=18 (full 0):
 PSYoungGen      total 544768K, used 536736K [0x000000076b200000, 0x000000078ce00000, 0x00000007c0000000)
  eden space 536576K, 100% used [0x000000076b200000,0x000000078be00000,0x000000078be00000)
  from space 8192K, 1% used [0x000000078be00000,0x000000078be28000,0x000000078c600000)
  to   space 8192K, 0% used [0x000000078c600000,0x000000078c600000,0x000000078ce00000)
 ParOldGen       total 175104K, used 11437K [0x00000006c1600000, 0x00000006cc100000, 0x000000076b200000)
  object space 175104K, 6% used [0x00000006c1600000,0x00000006c212b428,0x00000006cc100000)
 Metaspace       used 15357K, capacity 15510K, committed 15744K, reserved 1062912K
  class space    used 1512K, capacity 1574K, committed 1664K, reserved 1048576K
Event: 84.938 GC heap after
Heap after GC invocations=18 (full 0):
 PSYoungGen      total 544768K, used 128K [0x000000076b200000, 0x000000078ce00000, 0x00000007c0000000)
  eden space 536576K, 0% used [0x000000076b200000,0x000000076b200000,0x000000078be00000)
  from space 8192K, 1% used [0x000000078c600000,0x000000078c620000,0x000000078ce00000)
  to   space 8192K, 0% used [0x000000078be00000,0x000000078be00000,0x000000078c600000)
 ParOldGen       total 175104K, used 11533K [0x00000006c1600000, 0x00000006cc100000, 0x000000076b200000)
  object space 175104K, 6% used [0x00000006c1600000,0x00000006c2143428,0x00000006cc100000)
 Metaspace       used 15357K, capacity 15510K, committed 15744K, reserved 1062912K
  class space    used 1512K, capacity 1574K, committed 1664K, reserved 1048576K
}

Deoptimization events (10 events):
Event: 82.513 Thread 0x0000000001cdc000 Uncommon trap: reason=predicate action=maybe_recompile pc=0x00000000028c8598 method=java.util.AbstractCollection.toArray([Ljava/lang/Object;)[Ljava/lang/Object; @ 49
Event: 82.654 Thread 0x0000000001cdc000 Uncommon trap: reason=array_check action=maybe_recompile pc=0x00000000026bb7c4 method=java.util.AbstractCollection.toArray([Ljava/lang/Object;)[Ljava/lang/Object; @ 119
Event: 82.654 Thread 0x0000000001cdc000 Uncommon trap: reason=array_check action=maybe_recompile pc=0x00000000026bb7c4 method=java.util.AbstractCollection.toArray([Ljava/lang/Object;)[Ljava/lang/Object; @ 119
Event: 82.654 Thread 0x0000000001cdc000 Uncommon trap: reason=array_check action=maybe_recompile pc=0x00000000026bb7c4 method=java.util.AbstractCollection.toArray([Ljava/lang/Object;)[Ljava/lang/Object; @ 119
Event: 82.658 Thread 0x0000000001cdc000 Uncommon trap: reason=array_check action=maybe_recompile pc=0x00000000026bb7c4 method=java.util.AbstractCollection.toArray([Ljava/lang/Object;)[Ljava/lang/Object; @ 119
Event: 83.890 Thread 0x0000000001cdc000 Uncommon trap: reason=unstable_if action=reinterpret pc=0x0000000002528cac method=java.util.regex.Pattern$Slice.match(Ljava/util/regex/Matcher;ILjava/lang/CharSequence;)Z @ 29
Event: 84.661 Thread 0x0000000001cdc000 Uncommon trap: reason=class_check action=maybe_recompile pc=0x0000000002e90ba4 method=java.util.regex.Pattern$Curly.match(Ljava/util/regex/Matcher;ILjava/lang/CharSequence;)Z @ 19
Event: 84.688 Thread 0x0000000001cdc000 Uncommon trap: reason=class_check action=maybe_recompile pc=0x0000000002e90ba4 method=java.util.regex.Pattern$Curly.match(Ljava/util/regex/Matcher;ILjava/lang/CharSequence;)Z @ 19
Event: 84.711 Thread 0x0000000001cdc000 Uncommon trap: reason=class_check action=maybe_recompile pc=0x0000000002e90ba4 method=java.util.regex.Pattern$Curly.match(Ljava/util/regex/Matcher;ILjava/lang/CharSequence;)Z @ 19
Event: 84.737 Thread 0x0000000001cdc000 Uncommon trap: reason=class_check action=maybe_recompile pc=0x0000000002e90ba4 method=java.util.regex.Pattern$Curly.match(Ljava/util/regex/Matcher;ILjava/lang/CharSequence;)Z @ 19

Internal exceptions (10 events):
Event: 0.372 Thread 0x0000000001cdc000 Exception <a 'java/security/PrivilegedActionException'> (0x000000076ba1b508) thrown at [C:\re\workspace\8-2-build-windows-amd64-cygwin\jdk8u101\7261\hotspot\src\share\vm\prims\jvm.cpp, line 1386]
Event: 0.372 Thread 0x0000000001cdc000 Exception <a 'java/security/PrivilegedActionException'> (0x000000076ba1b900) thrown at [C:\re\workspace\8-2-build-windows-amd64-cygwin\jdk8u101\7261\hotspot\src\share\vm\prims\jvm.cpp, line 1386]
Event: 0.372 Thread 0x0000000001cdc000 Exception <a 'java/security/PrivilegedActionException'> (0x000000076ba1fbb8) thrown at [C:\re\workspace\8-2-build-windows-amd64-cygwin\jdk8u101\7261\hotspot\src\share\vm\prims\jvm.cpp, line 1386]
Event: 0.372 Thread 0x0000000001cdc000 Exception <a 'java/security/PrivilegedActionException'> (0x000000076ba1ffb0) thrown at [C:\re\workspace\8-2-build-windows-amd64-cygwin\jdk8u101\7261\hotspot\src\share\vm\prims\jvm.cpp, line 1386]
Event: 0.413 Thread 0x0000000001cdc000 Exception <a 'java/security/PrivilegedActionException'> (0x000000076bc8d5c0) thrown at [C:\re\workspace\8-2-build-windows-amd64-cygwin\jdk8u101\7261\hotspot\src\share\vm\prims\jvm.cpp, line 1386]
Event: 0.413 Thread 0x0000000001cdc000 Exception <a 'java/security/PrivilegedActionException'> (0x000000076bc8d9b8) thrown at [C:\re\workspace\8-2-build-windows-amd64-cygwin\jdk8u101\7261\hotspot\src\share\vm\prims\jvm.cpp, line 1386]
Event: 0.833 Thread 0x0000000001cdc000 Implicit null exception at 0x000000000261c316 to 0x000000000261c661
Event: 1.589 Thread 0x0000000001cdc000 Exception <a 'java/io/FileNotFoundException'> (0x000000076eee2470) thrown at [C:\re\workspace\8-2-build-windows-amd64-cygwin\jdk8u101\7261\hotspot\src\share\vm\prims\jni.cpp, line 709]
Event: 1.615 Thread 0x0000000001cdc000 Exception <a 'java/io/FileNotFoundException'> (0x000000076ef0cf80) thrown at [C:\re\workspace\8-2-build-windows-amd64-cygwin\jdk8u101\7261\hotspot\src\share\vm\prims\jni.cpp, line 709]
Event: 12.203 Thread 0x0000000001cdc000 Implicit null exception at 0x000000000299fa00 to 0x000000000299fc39

Events (10 events):
Event: 84.847 Executing VM operation: ParallelGCFailedAllocation
Event: 84.938 Executing VM operation: ParallelGCFailedAllocation done
Event: 85.074 Thread 0x0000000001cdc000 DEOPT PACKING pc=0x0000000002d949be sp=0x000000000213e550
Event: 85.074 Thread 0x0000000001cdc000 DEOPT UNPACKING pc=0x000000000245787f sp=0x000000000213eb88 mode 0
Event: 85.135 Thread 0x0000000001cdc000 DEOPT PACKING pc=0x0000000002d949be sp=0x000000000213e550
Event: 85.135 Thread 0x0000000001cdc000 DEOPT UNPACKING pc=0x000000000245787f sp=0x000000000213eb88 mode 0
Event: 85.150 loading class com/aspose/cells/CopyOptions
Event: 85.150 loading class com/aspose/cells/CopyOptions done
Event: 85.213 Thread 0x0000000001cdc000 DEOPT PACKING pc=0x0000000002d949be sp=0x000000000213e550
Event: 85.213 Thread 0x0000000001cdc000 DEOPT UNPACKING pc=0x000000000245787f sp=0x000000000213eb88 mode 0


Dynamic libraries:
0x000000013f4a0000 - 0x000000013f4d7000 	C:\Program Files\Java\jdk1.8.0_101\bin\javaw.exe
0x0000000077700000 - 0x000000007789f000 	C:\Windows\SYSTEM32\ntdll.dll
0x00000000774e0000 - 0x00000000775ff000 	C:\Windows\system32\kernel32.dll
0x000007fefd3d0000 - 0x000007fefd43a000 	C:\Windows\system32\KERNELBASE.dll
0x000007fefde50000 - 0x000007fefdf2b000 	C:\Windows\system32\ADVAPI32.dll
0x000007fefd850000 - 0x000007fefd8ef000 	C:\Windows\system32\msvcrt.dll
0x000007fefdb00000 - 0x000007fefdb1f000 	C:\Windows\SYSTEM32\sechost.dll
0x000007fefdcb0000 - 0x000007fefdddd000 	C:\Windows\system32\RPCRT4.dll
0x0000000077600000 - 0x00000000776fa000 	C:\Windows\system32\USER32.dll
0x000007fefdde0000 - 0x000007fefde47000 	C:\Windows\system32\GDI32.dll
0x000007fefdaf0000 - 0x000007fefdafe000 	C:\Windows\system32\LPK.dll
0x000007feff420000 - 0x000007feff4eb000 	C:\Windows\system32\USP10.dll
0x000007fefb8d0000 - 0x000007fefbac4000 	C:\Windows\WinSxS\amd64_microsoft.windows.common-controls_6595b64144ccf1df_6.0.7601.18837_none_fa3b1e3d17594757\COMCTL32.dll
0x000007feff8f0000 - 0x000007feff961000 	C:\Windows\system32\SHLWAPI.dll
0x000007feff550000 - 0x000007feff57e000 	C:\Windows\system32\IMM32.DLL
0x000007fefe010000 - 0x000007fefe119000 	C:\Windows\system32\MSCTF.dll
0x000000006a300000 - 0x000000006a3d2000 	C:\Program Files\Java\jdk1.8.0_101\jre\bin\msvcr100.dll
0x0000000070060000 - 0x00000000708fa000 	C:\Program Files\Java\jdk1.8.0_101\jre\bin\server\jvm.dll
0x000007fef8aa0000 - 0x000007fef8aa9000 	C:\Windows\system32\WSOCK32.dll
0x000007feff970000 - 0x000007feff9bd000 	C:\Windows\system32\WS2_32.dll
0x000007fefd840000 - 0x000007fefd848000 	C:\Windows\system32\NSI.dll
0x000007fefb2f0000 - 0x000007fefb32b000 	C:\Windows\system32\WINMM.dll
0x000007fefc420000 - 0x000007fefc42c000 	C:\Windows\system32\VERSION.dll
0x00000000778b0000 - 0x00000000778b7000 	C:\Windows\system32\PSAPI.DLL
0x0000000072f70000 - 0x0000000072f7f000 	C:\Program Files\Java\jdk1.8.0_101\jre\bin\verify.dll
0x0000000001da0000 - 0x0000000001dc9000 	C:\Program Files\Java\jdk1.8.0_101\jre\bin\java.dll
0x0000000001dd0000 - 0x0000000001de6000 	C:\Program Files\Java\jdk1.8.0_101\jre\bin\zip.dll
0x000007fefe120000 - 0x000007fefeeaa000 	C:\Windows\system32\SHELL32.dll
0x000007fefd8f0000 - 0x000007fefdaef000 	C:\Windows\system32\ole32.dll
0x000007fefd2b0000 - 0x000007fefd2bf000 	C:\Windows\system32\profapi.dll
0x000000005b020000 - 0x000000005b1b8000 	C:\Program Files\Java\jdk1.8.0_101\jre\bin\awt.dll
0x000007fefdf30000 - 0x000007fefe00a000 	C:\Windows\system32\OLEAUT32.dll
0x000007fefb1d0000 - 0x000007fefb1e8000 	C:\Windows\system32\DWMAPI.DLL
0x000007fefb790000 - 0x000007fefb7e6000 	C:\Windows\system32\uxtheme.dll
0x000007fefd0a0000 - 0x000007fefd0af000 	C:\Windows\system32\CRYPTBASE.dll
0x000007fefd150000 - 0x000007fefd1a7000 	C:\Windows\system32\apphelp.dll
0x000000006dd10000 - 0x000000006dd2a000 	C:\Program Files\Java\jdk1.8.0_101\jre\bin\net.dll
0x000007fefc9a0000 - 0x000007fefc9f5000 	C:\Windows\system32\mswsock.dll
0x000007fefcc50000 - 0x000007fefcc57000 	C:\Windows\System32\wship6.dll
0x000000006dcf0000 - 0x000000006dd01000 	C:\Program Files\Java\jdk1.8.0_101\jre\bin\nio.dll

VM Arguments:
jvm_args: -Dfile.encoding=UTF-8 
java_command: com.desktoptool.xcompare.XCompareRST
java_class_path (initial): C:\Users\mxiang\workspace\X-Leverage-Reference-Source-Target\bin;C:\Users\mxiang\work\4022\64\lombok.jar;C:\Program Files (x86)\Analysis Package\lib\activation-1.1.1.jar;C:\Program Files (x86)\Analysis Package\lib\antlrall-2.7.4.jar;C:\Program Files (x86)\Analysis Package\lib\apache-mime4j-core-0.7.2.jar;C:\Program Files (x86)\Analysis Package\lib\axiom-api-1.2.14.jar;C:\Program Files (x86)\Analysis Package\lib\axiom-impl-1.2.14.jar;C:\Program Files (x86)\Analysis Package\lib\axis2-kernel-1.6.2.jar;C:\Program Files (x86)\Analysis Package\lib\axis2-transport-http-1.6.2.jar;C:\Program Files (x86)\Analysis Package\lib\axis2-transport-local-1.6.2.jar;C:\Program Files (x86)\Analysis Package\lib\bcprov-jdk15on-1.54.jar;C:\Program Files (x86)\Analysis Package\lib\clibwrapper_jiio-1.2-daily.jar;C:\Program Files (x86)\Analysis Package\lib\com.aspose.cells-17.11.0.jar;C:\Program Files (x86)\Analysis Package\lib\com.aspose.words-17.11.jar;C:\Program Files (x86)\Analysis Package\lib\com.google.api.translate-0.82.jar;C:\Program Files (x86)\Analysis Package\lib\com.ibm.icu-53.1.jar;C:\Program Files (x86)\Analysis Package\lib\com.jacob-1.15.0.jar;C:\Program Files (x86)\Analysis Package\lib\com.noelios.restlet.ext.net-1.1.3.jar;C:\Program Files (x86)\Analysis Package\lib\com.noelios.restlet-1.1.3.jar;C:\Program Files (x86)\Analysis Package\lib\com.stax2.api-3.0.2.3.jar;C:\Program Files (x86)\Analysis Package\lib\com.thoughtworks.xstream-1.4.7.jar;C:\Program Files (x86)\Analysis Package\lib\com.woodstox-4.1.1.1.jar;C:\Program Files (x86)\Analysis Package\lib\commons-compress-1.5.jar;C:\Program Files (x86)\Analysis Package\lib\commons-fileupload-1.3.2.jar;C:\Program Files (x86)\Analysis Package\lib\commons-httpclient-3.1.jar;C:\Program Files (x86)\Analysis Package\lib\commons-io-2.4.jar;C:\Program Files (x86)\Analysis Package\lib\commons-lang3-3.3.2.jar;C:\Program Files (x86)\Analysis Package\lib\fluent-hc-4.3.1.jar;C:\Program Files (x86)\Analysis Package
Launcher Type: SUN_STANDARD

Environment Variables:
JAVA_HOME=C:\Program Files\Java\jdk1.8.0_101
JRE_HOME=C:\Program Files\Java\jdk1.8.0_101\jre
CLASSPATH=C:\Program Files\Java\jdk1.8.0_101\bin;C:\Program Files\Java\jdk1.8.0_101\jre\bin;C:\Program Files (x86)\tomcat\lib
PATH=C:\Program Files\Microsoft MPI\Bin\;C:\Ruby24-x64\bin;C:\Windows\System32\Wbem;C:\Program Files\PHP\v7.1;C:\Program Files (x86)\Google\Chrome\Application;C:\ProgramData\Oracle\Java\javapath;C:\Windows\system32\config\systemprofile\.dnx\bin;C:\Program Files\Microsoft DNX\Dnvm\;C:\Program Files\Microsoft SQL Server\120\Tools\Binn\;C:\Program Files\Java\jdk1.7.0_79\bin;C:\WINDOWS\system32;C:\Program Files (x86)\Analysis Package\bin;C:\Program Files\EmEditor;C:\cygwin64\bin;C:\Program Files\TortoiseSVN\bin;C:\Program Files (x86)\mysql\bin;C:\Program Files\Microsoft SQL Server\130\Tools\Binn\;C:\Program Files\nodejs\;C:\Program Files\SAS\SharedFiles(32)\Formats;C:\Program Files\PuTTY\;C:\Program Files\Amazon\AWSCLI\;C:\Ruby24-x64\bin;C:\Program Files\MongoDB\Server\4.0\bin;C:\Windows\System32\WindowsPowerShell\v1.0\;C:\Windows\System32\WindowsPowerShell\v1.0\;C:\Program Files (x86)\Git\cmd;C:\Program Files\TortoiseGit\bin;C:\Program Files\dotnet\;C:\Program Files (x86)\Microsoft SQL Server\Client SDK\ODBC\130\Tools\Binn\;C:\Program Files (x86)\Microsoft SQL Server\140\Tools\Binn\;C:\Program Files (x86)\Microsoft SQL Server\140\DTS\Binn\;C:\Program Files (x86)\Microsoft SQL Server\140\Tools\Binn\ManagementStudio\;C:\Program Files\Microsoft\Web Platform Installer\;;C:\Program Files\Docker Toolbox;C:\Users\mxiang\AppData\Roaming\npm;C:\Users\mxiang\.dotnet\tools;C:\Users\mxiang\AppData\Local\Programs\Microsoft VS Code\bin
USERNAME=mxiang
OS=Windows_NT
PROCESSOR_IDENTIFIER=Intel64 Family 6 Model 60 Stepping 3, GenuineIntel



---------------  S Y S T E M  ---------------

OS: Windows 7 , 64 bit Build 7601 (6.1.7601.24358)

CPU:total 4 (4 cores per cpu, 1 threads per core) family 6 model 60 stepping 3, cmov, cx8, fxsr, mmx, sse, sse2, sse3, ssse3, sse4.1, sse4.2, popcnt, avx, avx2, aes, clmul, erms, rtm, lzcnt, tsc, tscinvbit, bmi1, bmi2

Memory: 4k page, physical 16681328k(1220232k free), swap 22970880k(19212k free)

vm_info: Java HotSpot(TM) 64-Bit Server VM (25.101-b13) for windows-amd64 JRE (1.8.0_101-b13), built on Jun 22 2016 01:21:29 by "java_re" with MS VC++ 10.0 (VS2010)

time: Fri Apr 05 16:04:46 2019
elapsed time: 85 seconds (0d 0h 1m 25s)

