#
# There is insufficient memory for the Java Runtime Environment to continue.
# Native memory allocation (malloc) failed to allocate 315376 bytes for Chunk::new
# Possible reasons:
#   The system is out of physical RAM or swap space
#   In 32 bit mode, the process size limit was hit
# Possible solutions:
#   Reduce memory load on the system
#   Increase physical memory or swap space
#   Check if swap backing store is full
#   Use 64 bit Java on a 64 bit OS
#   Decrease Java heap size (-Xmx/-Xms)
#   Decrease number of Java threads
#   Decrease Java thread stack sizes (-Xss)
#   Set larger code cache with -XX:ReservedCodeCacheSize=
# This output file may be truncated or incomplete.
#
#  Out of Memory Error (allocation.cpp:390), pid=8852, tid=0x00000000000055f0
#
# JRE version: Java(TM) SE Runtime Environment (8.0_101-b13) (build 1.8.0_101-b13)
# Java VM: Java HotSpot(TM) 64-Bit Server VM (25.101-b13 mixed mode windows-amd64 compressed oops)
# Failed to write core dump. Minidumps are not enabled by default on client versions of Windows
#

---------------  T H R E A D  ---------------

Current thread (0x000000001cef9800):  JavaThread "C2 CompilerThread1" daemon [_thread_in_native, id=22000, stack(0x000000001d8d0000,0x000000001d9d0000)]

Stack: [0x000000001d8d0000,0x000000001d9d0000]
[error occurred during error reporting (printing stack bounds), id 0xc0000005]

Native frames: (J=compiled Java code, j=interpreted, Vv=VM code, C=native code)


Current CompileTask:
C2:   5338 1495       4       asposewobfuscated.zzZZ1::zzZi (891 bytes)


---------------  P R O C E S S  ---------------

Java Threads: ( => current thread )
  0x000000001e9b2000 JavaThread "pool-1-thread-1" [_thread_in_Java, id=31988, stack(0x000000001d670000,0x000000001d770000)]
  0x000000001e767000 JavaThread "pool-2-thread-1" [_thread_blocked, id=25120, stack(0x000000001f780000,0x000000001f880000)]
  0x000000001cf74000 JavaThread "Service Thread" daemon [_thread_blocked, id=11168, stack(0x000000001dcd0000,0x000000001ddd0000)]
  0x000000001cf4a000 JavaThread "C1 CompilerThread2" daemon [_thread_in_native, id=21420, stack(0x000000001da70000,0x000000001db70000)]
=>0x000000001cef9800 JavaThread "C2 CompilerThread1" daemon [_thread_in_native, id=22000, stack(0x000000001d8d0000,0x000000001d9d0000)]
  0x000000001cef4000 JavaThread "C2 CompilerThread0" daemon [_thread_in_native, id=30416, stack(0x000000001d790000,0x000000001d890000)]
  0x000000001cef3800 JavaThread "Attach Listener" daemon [_thread_blocked, id=15608, stack(0x000000001d510000,0x000000001d610000)]
  0x000000001bbce800 JavaThread "Signal Dispatcher" daemon [_thread_blocked, id=31132, stack(0x000000001d370000,0x000000001d470000)]
  0x000000001bbb2000 JavaThread "Finalizer" daemon [_thread_blocked, id=4664, stack(0x000000001cdf0000,0x000000001cef0000)]
  0x000000001bb69000 JavaThread "Reference Handler" daemon [_thread_blocked, id=7336, stack(0x000000001cb80000,0x000000001cc80000)]
  0x0000000001e5b800 JavaThread "main" [_thread_blocked, id=12864, stack(0x0000000002050000,0x0000000002150000)]

Other Threads:
  0x000000001bb64000 VMThread [stack: 0x000000001cc80000,0x000000001cd80000] [id=15528]
  0x000000001cf60800 WatcherThread [stack: 0x000000001de70000,0x000000001df70000] [id=31384]

VM state:not at safepoint (normal execution)

VM Mutex/Monitor currently owned by a thread: None

Heap:
 PSYoungGen      total 141824K, used 105021K [0x000000076b200000, 0x0000000774700000, 0x00000007c0000000)
  eden space 131072K, 78% used [0x000000076b200000,0x0000000771686748,0x0000000773200000)
  from space 10752K, 19% used [0x0000000773c80000,0x0000000773e88ed0,0x0000000774700000)
  to   space 10752K, 0% used [0x0000000773200000,0x0000000773200000,0x0000000773c80000)
 ParOldGen       total 175104K, used 88K [0x00000006c1600000, 0x00000006cc100000, 0x000000076b200000)
  object space 175104K, 0% used [0x00000006c1600000,0x00000006c1616028,0x00000006cc100000)
 Metaspace       used 15679K, capacity 15765K, committed 16000K, reserved 1062912K
  class space    used 1548K, capacity 1586K, committed 1664K, reserved 1048576K

Card table byte_map: [0x00000000117e0000,0x0000000011fe0000] byte_map_base: 0x000000000e1d5000

Marking Bits: (ParMarkBitMap*) 0x0000000070a5a6d0
 Begin Bits: [0x0000000012a80000, 0x0000000016a28000)
 End Bits:   [0x0000000016a28000, 0x000000001a9d0000)

Polling page: 0x0000000000130000

CodeCache: size=245760Kb used=7779Kb max_used=7789Kb free=237980Kb
 bounds [0x0000000002420000, 0x0000000002bd0000, 0x0000000011420000]
 total_blobs=2056 nmethods=1658 adapters=310
 compilation: disabled (not enough contiguous free space left)

Compilation events (10 events):
Event: 5.263 Thread 0x000000001cf4a000 nmethod 1539 0x0000000002abafd0 code [0x0000000002abb240, 0x0000000002abc3c8]
Event: 5.264 Thread 0x000000001cf4a000 1540       3       com.aspose.words.zz5::set (11 bytes)
Event: 5.264 Thread 0x000000001cf4a000 nmethod 1540 0x0000000002abcc10 code [0x0000000002abcda0, 0x0000000002abd1e8]
Event: 5.264 Thread 0x000000001cf4a000 1542       1       com.aspose.words.zzZFW::zzsT (5 bytes)
Event: 5.264 Thread 0x000000001cf4a000 nmethod 1542 0x0000000002abd390 code [0x0000000002abd4e0, 0x0000000002abd5f0]
Event: 5.264 Thread 0x000000001cf4a000 1543       3       com.aspose.words.zz5::get (26 bytes)
Event: 5.265 Thread 0x000000001cf4a000 nmethod 1543 0x0000000002abd650 code [0x0000000002abd8e0, 0x0000000002abed78]
Event: 5.265 Thread 0x000000001cf4a000 1545       3       com.aspose.words.zzX::zzK (18 bytes)
Event: 5.265 Thread 0x000000001cf4a000 nmethod 1545 0x0000000002abfb50 code [0x0000000002abfcc0, 0x0000000002ac0028]
Event: 5.265 Thread 0x000000001cf4a000 1546       3       com.aspose.words.zz7H::zzN (415 bytes)

GC Heap History (8 events):
Event: 0.746 GC heap before
{Heap before GC invocations=1 (full 0):
 PSYoungGen      total 76288K, used 65536K [0x000000076b200000, 0x0000000770700000, 0x00000007c0000000)
  eden space 65536K, 100% used [0x000000076b200000,0x000000076f200000,0x000000076f200000)
  from space 10752K, 0% used [0x000000076fc80000,0x000000076fc80000,0x0000000770700000)
  to   space 10752K, 0% used [0x000000076f200000,0x000000076f200000,0x000000076fc80000)
 ParOldGen       total 175104K, used 0K [0x00000006c1600000, 0x00000006cc100000, 0x000000076b200000)
  object space 175104K, 0% used [0x00000006c1600000,0x00000006c1600000,0x00000006cc100000)
 Metaspace       used 6013K, capacity 6096K, committed 6144K, reserved 1056768K
  class space    used 694K, capacity 752K, committed 768K, reserved 1048576K
Event: 0.748 GC heap after
Heap after GC invocations=1 (full 0):
 PSYoungGen      total 76288K, used 3267K [0x000000076b200000, 0x0000000770700000, 0x00000007c0000000)
  eden space 65536K, 0% used [0x000000076b200000,0x000000076b200000,0x000000076f200000)
  from space 10752K, 30% used [0x000000076f200000,0x000000076f530c68,0x000000076fc80000)
  to   space 10752K, 0% used [0x000000076fc80000,0x000000076fc80000,0x0000000770700000)
 ParOldGen       total 175104K, used 80K [0x00000006c1600000, 0x00000006cc100000, 0x000000076b200000)
  object space 175104K, 0% used [0x00000006c1600000,0x00000006c1614028,0x00000006cc100000)
 Metaspace       used 6013K, capacity 6096K, committed 6144K, reserved 1056768K
  class space    used 694K, capacity 752K, committed 768K, reserved 1048576K
}
Event: 0.756 GC heap before
{Heap before GC invocations=2 (full 0):
 PSYoungGen      total 76288K, used 68781K [0x000000076b200000, 0x0000000770700000, 0x00000007c0000000)
  eden space 65536K, 99% used [0x000000076b200000,0x000000076f1fa8e8,0x000000076f200000)
  from space 10752K, 30% used [0x000000076f200000,0x000000076f530c68,0x000000076fc80000)
  to   space 10752K, 0% used [0x000000076fc80000,0x000000076fc80000,0x0000000770700000)
 ParOldGen       total 175104K, used 80K [0x00000006c1600000, 0x00000006cc100000, 0x000000076b200000)
  object space 175104K, 0% used [0x00000006c1600000,0x00000006c1614028,0x00000006cc100000)
 Metaspace       used 6023K, capacity 6096K, committed 6144K, reserved 1056768K
  class space    used 694K, capacity 752K, committed 768K, reserved 1048576K
Event: 0.758 GC heap after
Heap after GC invocations=2 (full 0):
 PSYoungGen      total 76288K, used 1998K [0x000000076b200000, 0x0000000774700000, 0x00000007c0000000)
  eden space 65536K, 0% used [0x000000076b200000,0x000000076b200000,0x000000076f200000)
  from space 10752K, 18% used [0x000000076fc80000,0x000000076fe73998,0x0000000770700000)
  to   space 10752K, 0% used [0x000000076f200000,0x000000076f200000,0x000000076fc80000)
 ParOldGen       total 175104K, used 88K [0x00000006c1600000, 0x00000006cc100000, 0x000000076b200000)
  object space 175104K, 0% used [0x00000006c1600000,0x00000006c1616028,0x00000006cc100000)
 Metaspace       used 6023K, capacity 6096K, committed 6144K, reserved 1056768K
  class space    used 694K, capacity 752K, committed 768K, reserved 1048576K
}
Event: 0.767 GC heap before
{Heap before GC invocations=3 (full 0):
 PSYoungGen      total 76288K, used 67482K [0x000000076b200000, 0x0000000774700000, 0x00000007c0000000)
  eden space 65536K, 99% used [0x000000076b200000,0x000000076f1f2fd0,0x000000076f200000)
  from space 10752K, 18% used [0x000000076fc80000,0x000000076fe73998,0x0000000770700000)
  to   space 10752K, 0% used [0x000000076f200000,0x000000076f200000,0x000000076fc80000)
 ParOldGen       total 175104K, used 88K [0x00000006c1600000, 0x00000006cc100000, 0x000000076b200000)
  object space 175104K, 0% used [0x00000006c1600000,0x00000006c1616028,0x00000006cc100000)
 Metaspace       used 6023K, capacity 6096K, committed 6144K, reserved 1056768K
  class space    used 694K, capacity 752K, committed 768K, reserved 1048576K
Event: 0.768 GC heap after
Heap after GC invocations=3 (full 0):
 PSYoungGen      total 76288K, used 2127K [0x000000076b200000, 0x0000000774700000, 0x00000007c0000000)
  eden space 65536K, 0% used [0x000000076b200000,0x000000076b200000,0x000000076f200000)
  from space 10752K, 19% used [0x000000076f200000,0x000000076f413de8,0x000000076fc80000)
  to   space 10752K, 0% used [0x0000000773c80000,0x0000000773c80000,0x0000000774700000)
 ParOldGen       total 175104K, used 88K [0x00000006c1600000, 0x00000006cc100000, 0x000000076b200000)
  object space 175104K, 0% used [0x00000006c1600000,0x00000006c1616028,0x00000006cc100000)
 Metaspace       used 6023K, capacity 6096K, committed 6144K, reserved 1056768K
  class space    used 694K, capacity 752K, committed 768K, reserved 1048576K
}
Event: 0.776 GC heap before
{Heap before GC invocations=4 (full 0):
 PSYoungGen      total 76288K, used 67626K [0x000000076b200000, 0x0000000774700000, 0x00000007c0000000)
  eden space 65536K, 99% used [0x000000076b200000,0x000000076f1f6d98,0x000000076f200000)
  from space 10752K, 19% used [0x000000076f200000,0x000000076f413de8,0x000000076fc80000)
  to   space 10752K, 0% used [0x0000000773c80000,0x0000000773c80000,0x0000000774700000)
 ParOldGen       total 175104K, used 88K [0x00000006c1600000, 0x00000006cc100000, 0x000000076b200000)
  object space 175104K, 0% used [0x00000006c1600000,0x00000006c1616028,0x00000006cc100000)
 Metaspace       used 6023K, capacity 6096K, committed 6144K, reserved 1056768K
  class space    used 694K, capacity 752K, committed 768K, reserved 1048576K
Event: 0.779 GC heap after
Heap after GC invocations=4 (full 0):
 PSYoungGen      total 141824K, used 2083K [0x000000076b200000, 0x0000000774700000, 0x00000007c0000000)
  eden space 131072K, 0% used [0x000000076b200000,0x000000076b200000,0x0000000773200000)
  from space 10752K, 19% used [0x0000000773c80000,0x0000000773e88ed0,0x0000000774700000)
  to   space 10752K, 0% used [0x0000000773200000,0x0000000773200000,0x0000000773c80000)
 ParOldGen       total 175104K, used 88K [0x00000006c1600000, 0x00000006cc100000, 0x000000076b200000)
  object space 175104K, 0% used [0x00000006c1600000,0x00000006c1616028,0x00000006cc100000)
 Metaspace       used 6023K, capacity 6096K, committed 6144K, reserved 1056768K
  class space    used 694K, capacity 752K, committed 768K, reserved 1048576K
}

Deoptimization events (10 events):
Event: 5.060 Thread 0x000000001e9b2000 Uncommon trap: reason=class_check action=maybe_recompile pc=0x000000000290e034 method=java.util.regex.Pattern$Node.study(Ljava/util/regex/Pattern$TreeInfo;)Z @ 12
Event: 5.060 Thread 0x000000001e9b2000 Uncommon trap: reason=class_check action=maybe_recompile pc=0x000000000290e034 method=java.util.regex.Pattern$Node.study(Ljava/util/regex/Pattern$TreeInfo;)Z @ 12
Event: 5.102 Thread 0x000000001e9b2000 Uncommon trap: reason=unstable_if action=reinterpret pc=0x0000000002942eac method=java.util.regex.Pattern$Start.match(Ljava/util/regex/Matcher;ILjava/lang/CharSequence;)Z @ 10
Event: 5.127 Thread 0x000000001e9b2000 Uncommon trap: reason=class_check action=maybe_recompile pc=0x000000000290e034 method=java.util.regex.Pattern$Node.study(Ljava/util/regex/Pattern$TreeInfo;)Z @ 12
Event: 5.127 Thread 0x000000001e9b2000 Uncommon trap: reason=class_check action=maybe_recompile pc=0x000000000290e034 method=java.util.regex.Pattern$Node.study(Ljava/util/regex/Pattern$TreeInfo;)Z @ 12
Event: 5.130 Thread 0x000000001e9b2000 Uncommon trap: reason=unstable_if action=reinterpret pc=0x0000000002934c8c method=asposewobfuscated.zzZXW.zzY([CIII)Ljava/lang/String; @ 115
Event: 5.133 Thread 0x000000001e9b2000 Uncommon trap: reason=unstable_if action=reinterpret pc=0x000000000290fe54 method=asposewobfuscated.zzZZ1.zzZ(CLasposewobfuscated/zzZXU;)V @ 29
Event: 5.175 Thread 0x000000001e9b2000 Uncommon trap: reason=unstable_if action=reinterpret pc=0x000000000292eda8 method=asposewobfuscated.zzZXW.zzY([CIII)Ljava/lang/String; @ 115
Event: 5.196 Thread 0x000000001e9b2000 Uncommon trap: reason=unstable_if action=reinterpret pc=0x00000000029cb500 method=asposewobfuscated.zzZYR.zzR(Ljava/lang/String;C)C @ 60
Event: 5.211 Thread 0x000000001e9b2000 Uncommon trap: reason=unstable_if action=reinterpret pc=0x00000000027f9c74 method=java.util.regex.Pattern$Slice.match(Ljava/util/regex/Matcher;ILjava/lang/CharSequence;)Z @ 54

Internal exceptions (10 events):
Event: 0.459 Thread 0x0000000001e5b800 Exception <a 'java/security/PrivilegedActionException'> (0x000000076b801430) thrown at [C:\re\workspace\8-2-build-windows-amd64-cygwin\jdk8u101\7261\hotspot\src\share\vm\prims\jvm.cpp, line 1386]
Event: 0.459 Thread 0x0000000001e5b800 Exception <a 'java/security/PrivilegedActionException'> (0x000000076b801640) thrown at [C:\re\workspace\8-2-build-windows-amd64-cygwin\jdk8u101\7261\hotspot\src\share\vm\prims\jvm.cpp, line 1386]
Event: 0.459 Thread 0x0000000001e5b800 Exception <a 'java/security/PrivilegedActionException'> (0x000000076b802e88) thrown at [C:\re\workspace\8-2-build-windows-amd64-cygwin\jdk8u101\7261\hotspot\src\share\vm\prims\jvm.cpp, line 1386]
Event: 0.459 Thread 0x0000000001e5b800 Exception <a 'java/security/PrivilegedActionException'> (0x000000076b803098) thrown at [C:\re\workspace\8-2-build-windows-amd64-cygwin\jdk8u101\7261\hotspot\src\share\vm\prims\jvm.cpp, line 1386]
Event: 0.459 Thread 0x0000000001e5b800 Exception <a 'java/security/PrivilegedActionException'> (0x000000076b804958) thrown at [C:\re\workspace\8-2-build-windows-amd64-cygwin\jdk8u101\7261\hotspot\src\share\vm\prims\jvm.cpp, line 1386]
Event: 0.459 Thread 0x0000000001e5b800 Exception <a 'java/security/PrivilegedActionException'> (0x000000076b804b68) thrown at [C:\re\workspace\8-2-build-windows-amd64-cygwin\jdk8u101\7261\hotspot\src\share\vm\prims\jvm.cpp, line 1386]
Event: 0.504 Thread 0x0000000001e5b800 Exception <a 'java/security/PrivilegedActionException'> (0x000000076bb34a10) thrown at [C:\re\workspace\8-2-build-windows-amd64-cygwin\jdk8u101\7261\hotspot\src\share\vm\prims\jvm.cpp, line 1386]
Event: 0.504 Thread 0x0000000001e5b800 Exception <a 'java/security/PrivilegedActionException'> (0x000000076bb34c20) thrown at [C:\re\workspace\8-2-build-windows-amd64-cygwin\jdk8u101\7261\hotspot\src\share\vm\prims\jvm.cpp, line 1386]
Event: 0.811 Thread 0x0000000001e5b800 Implicit null exception at 0x000000000260b356 to 0x000000000260b6a1
Event: 4.606 Thread 0x000000001e9b2000 Exception <a 'java/lang/ClassNotFoundException': sun/net/www/protocol/n/Handler> (0x000000076e786968) thrown at [C:\re\workspace\8-2-build-windows-amd64-cygwin\jdk8u101\7261\hotspot\src\share\vm\classfile\systemDictionary.cpp, line 210]

Events (10 events):
Event: 5.196 Thread 0x000000001e9b2000 Uncommon trap: trap_request=0xffffff65 fr.pc=0x00000000029cb500
Event: 5.196 Thread 0x000000001e9b2000 DEOPT PACKING pc=0x00000000029cb500 sp=0x000000001d76e400
Event: 5.196 Thread 0x000000001e9b2000 DEOPT UNPACKING pc=0x000000000246582a sp=0x000000001d76e388 mode 2
Event: 5.211 Thread 0x000000001e9b2000 Uncommon trap: trap_request=0xffffff65 fr.pc=0x00000000027f9c74
Event: 5.211 Thread 0x000000001e9b2000 DEOPT PACKING pc=0x00000000027f9c74 sp=0x000000001d76e3b0
Event: 5.211 Thread 0x000000001e9b2000 DEOPT UNPACKING pc=0x000000000246582a sp=0x000000001d76e348 mode 2
Event: 5.242 Thread 0x000000001e9b2000 DEOPT PACKING pc=0x0000000002940f1c sp=0x000000001d76e180
Event: 5.242 Thread 0x000000001e9b2000 DEOPT UNPACKING pc=0x000000000246787f sp=0x000000001d76dea8 mode 0
Event: 5.261 loading class com/aspose/words/zz7R
Event: 5.261 loading class com/aspose/words/zz7R done


Dynamic libraries:
0x000000013f7a0000 - 0x000000013f7d7000 	C:\Program Files\Java\jdk1.8.0_101\bin\javaw.exe
0x0000000077700000 - 0x000000007789f000 	C:\Windows\SYSTEM32\ntdll.dll
0x00000000774e0000 - 0x00000000775ff000 	C:\Windows\system32\kernel32.dll
0x000007fefd3d0000 - 0x000007fefd43a000 	C:\Windows\system32\KERNELBASE.dll
0x000007fefde50000 - 0x000007fefdf2b000 	C:\Windows\system32\ADVAPI32.dll
0x000007fefd850000 - 0x000007fefd8ef000 	C:\Windows\system32\msvcrt.dll
0x000007fefdb00000 - 0x000007fefdb1f000 	C:\Windows\SYSTEM32\sechost.dll
0x000007fefdcb0000 - 0x000007fefdddd000 	C:\Windows\system32\RPCRT4.dll
0x0000000077600000 - 0x00000000776fa000 	C:\Windows\system32\USER32.dll
0x000007fefdde0000 - 0x000007fefde47000 	C:\Windows\system32\GDI32.dll
0x000007fefdaf0000 - 0x000007fefdafe000 	C:\Windows\system32\LPK.dll
0x000007feff420000 - 0x000007feff4eb000 	C:\Windows\system32\USP10.dll
0x000007fefb8d0000 - 0x000007fefbac4000 	C:\Windows\WinSxS\amd64_microsoft.windows.common-controls_6595b64144ccf1df_6.0.7601.18837_none_fa3b1e3d17594757\COMCTL32.dll
0x000007feff8f0000 - 0x000007feff961000 	C:\Windows\system32\SHLWAPI.dll
0x000007feff550000 - 0x000007feff57e000 	C:\Windows\system32\IMM32.DLL
0x000007fefe010000 - 0x000007fefe119000 	C:\Windows\system32\MSCTF.dll
0x000000006e090000 - 0x000000006e162000 	C:\Program Files\Java\jdk1.8.0_101\jre\bin\msvcr100.dll
0x0000000070240000 - 0x0000000070ada000 	C:\Program Files\Java\jdk1.8.0_101\jre\bin\server\jvm.dll
0x000007fef8aa0000 - 0x000007fef8aa9000 	C:\Windows\system32\WSOCK32.dll
0x000007feff970000 - 0x000007feff9bd000 	C:\Windows\system32\WS2_32.dll
0x000007fefd840000 - 0x000007fefd848000 	C:\Windows\system32\NSI.dll
0x000007fefb2f0000 - 0x000007fefb32b000 	C:\Windows\system32\WINMM.dll
0x000007fefc420000 - 0x000007fefc42c000 	C:\Windows\system32\VERSION.dll
0x00000000778b0000 - 0x00000000778b7000 	C:\Windows\system32\PSAPI.DLL
0x000000006f4d0000 - 0x000000006f4df000 	C:\Program Files\Java\jdk1.8.0_101\jre\bin\verify.dll
0x000000006d8e0000 - 0x000000006d909000 	C:\Program Files\Java\jdk1.8.0_101\jre\bin\java.dll
0x000000006d8c0000 - 0x000000006d8d6000 	C:\Program Files\Java\jdk1.8.0_101\jre\bin\zip.dll
0x000007fefe120000 - 0x000007fefeeaa000 	C:\Windows\system32\SHELL32.dll
0x000007fefd8f0000 - 0x000007fefdaef000 	C:\Windows\system32\ole32.dll
0x000007fefd2b0000 - 0x000007fefd2bf000 	C:\Windows\system32\profapi.dll
0x000000006d770000 - 0x000000006d78a000 	C:\Program Files\Java\jdk1.8.0_101\jre\bin\net.dll
0x000007fefc9a0000 - 0x000007fefc9f5000 	C:\Windows\system32\mswsock.dll
0x000007fefcc50000 - 0x000007fefcc57000 	C:\Windows\System32\wship6.dll
0x000000006d750000 - 0x000000006d761000 	C:\Program Files\Java\jdk1.8.0_101\jre\bin\nio.dll

VM Arguments:
jvm_args: -Dfile.encoding=UTF-8 
java_command: com.desktoptool.xcompare.XCompareRSTBatch
java_class_path (initial): C:\Program Files (x86)\cygwin\git\X-Compare\X-Leverage-Reference-Source-Target\bin;C:\Users\mxiang\work\4022\64\lombok.jar;C:\Program Files (x86)\Analysis Package\lib\activation-1.1.1.jar;C:\Program Files (x86)\Analysis Package\lib\antlrall-2.7.4.jar;C:\Program Files (x86)\Analysis Package\lib\apache-mime4j-core-0.7.2.jar;C:\Program Files (x86)\Analysis Package\lib\axiom-api-1.2.14.jar;C:\Program Files (x86)\Analysis Package\lib\axiom-impl-1.2.14.jar;C:\Program Files (x86)\Analysis Package\lib\axis2-kernel-1.6.2.jar;C:\Program Files (x86)\Analysis Package\lib\axis2-transport-http-1.6.2.jar;C:\Program Files (x86)\Analysis Package\lib\axis2-transport-local-1.6.2.jar;C:\Program Files (x86)\Analysis Package\lib\bcprov-jdk15on-1.54.jar;C:\Program Files (x86)\Analysis Package\lib\clibwrapper_jiio-1.2-daily.jar;C:\Program Files (x86)\Analysis Package\lib\com.aspose.cells-17.11.0.jar;C:\Program Files (x86)\Analysis Package\lib\com.aspose.words-17.11.jar;C:\Program Files (x86)\Analysis Package\lib\com.google.api.translate-0.82.jar;C:\Program Files (x86)\Analysis Package\lib\com.ibm.icu-53.1.jar;C:\Program Files (x86)\Analysis Package\lib\com.jacob-1.15.0.jar;C:\Program Files (x86)\Analysis Package\lib\com.noelios.restlet.ext.net-1.1.3.jar;C:\Program Files (x86)\Analysis Package\lib\com.noelios.restlet-1.1.3.jar;C:\Program Files (x86)\Analysis Package\lib\com.stax2.api-3.0.2.3.jar;C:\Program Files (x86)\Analysis Package\lib\com.thoughtworks.xstream-1.4.7.jar;C:\Program Files (x86)\Analysis Package\lib\com.woodstox-4.1.1.1.jar;C:\Program Files (x86)\Analysis Package\lib\commons-compress-1.5.jar;C:\Program Files (x86)\Analysis Package\lib\commons-fileupload-1.3.2.jar;C:\Program Files (x86)\Analysis Package\lib\commons-httpclient-3.1.jar;C:\Program Files (x86)\Analysis Package\lib\commons-io-2.4.jar;C:\Program Files (x86)\Analysis Package\lib\commons-lang3-3.3.2.jar;C:\Program Files (x86)\Analysis Package\lib\fluent-hc-4.3.1.jar;C:\Program Files (x86
Launcher Type: SUN_STANDARD

Environment Variables:
JAVA_HOME=C:\Program Files\Java\jdk1.8.0_101
JRE_HOME=C:\Program Files\Java\jdk1.8.0_101\jre
CLASSPATH=C:\Program Files\Java\jdk1.8.0_101\bin;C:\Program Files\Java\jdk1.8.0_101\jre\bin;C:\Program Files (x86)\tomcat\lib
PATH=C:\Program Files\Microsoft MPI\Bin\;C:\Ruby24-x64\bin;C:\Windows\System32\Wbem;C:\Program Files\PHP\v7.1;C:\Program Files (x86)\Google\Chrome\Application;C:\ProgramData\Oracle\Java\javapath;C:\Windows\system32\config\systemprofile\.dnx\bin;C:\Program Files\Microsoft DNX\Dnvm\;C:\Program Files\Microsoft SQL Server\120\Tools\Binn\;C:\Program Files\Java\jdk1.7.0_79\bin;C:\WINDOWS\system32;C:\Program Files (x86)\Analysis Package\bin;C:\Program Files\EmEditor;C:\cygwin64\bin;C:\Program Files\TortoiseSVN\bin;C:\Program Files (x86)\mysql\bin;C:\Program Files\Microsoft SQL Server\130\Tools\Binn\;C:\Program Files\nodejs\;C:\Program Files\SAS\SharedFiles(32)\Formats;C:\Program Files\PuTTY\;C:\Program Files\Amazon\AWSCLI\;C:\Ruby24-x64\bin;C:\Program Files\MongoDB\Server\4.0\bin;C:\Windows\System32\WindowsPowerShell\v1.0\;C:\Windows\System32\WindowsPowerShell\v1.0\;C:\Program Files (x86)\Git\cmd;C:\Program Files\TortoiseGit\bin;C:\Program Files\dotnet\;C:\Program Files (x86)\Microsoft SQL Server\Client SDK\ODBC\130\Tools\Binn\;C:\Program Files (x86)\Microsoft SQL Server\140\Tools\Binn\;C:\Program Files (x86)\Microsoft SQL Server\140\DTS\Binn\;C:\Program Files (x86)\Microsoft SQL Server\140\Tools\Binn\ManagementStudio\;C:\Program Files\Microsoft\Web Platform Installer\;;C:\Program Files\Docker Toolbox;C:\Users\mxiang\AppData\Roaming\npm;C:\Users\mxiang\.dotnet\tools;C:\Users\mxiang\AppData\Local\Programs\Microsoft VS Code\bin
USERNAME=mxiang
OS=Windows_NT
PROCESSOR_IDENTIFIER=Intel64 Family 6 Model 60 Stepping 3, GenuineIntel



---------------  S Y S T E M  ---------------

OS: Windows 7 , 64 bit Build 7601 (6.1.7601.24358)

CPU:total 4 (4 cores per cpu, 1 threads per core) family 6 model 60 stepping 3, cmov, cx8, fxsr, mmx, sse, sse2, sse3, ssse3, sse4.1, sse4.2, popcnt, avx, avx2, aes, clmul, erms, rtm, lzcnt, tsc, tscinvbit, bmi1, bmi2

Memory: 4k page, physical 16681328k(1762732k free), swap 22970880k(5140k free)

vm_info: Java HotSpot(TM) 64-Bit Server VM (25.101-b13) for windows-amd64 JRE (1.8.0_101-b13), built on Jun 22 2016 01:21:29 by "java_re" with MS VC++ 10.0 (VS2010)

time: Wed May 15 00:28:22 2019
elapsed time: 5 seconds (0d 0h 0m 5s)

